2024.01.02 04:22:01 INFO  Started: Metals version 1.2.0 in folders '/home/wuzho/Desktop/MOSIG-M2/Data-Management/lab_spark' for client Visual Studio Code 1.85.1.
2024.01.02 04:22:02 INFO  Attempting to connect to the build server...
2024.01.02 04:22:02 INFO  Bloop uses /usr/lib/jvm/java-11-openjdk-amd64 defined at /home/wuzho/.bloop/bloop.json
2024.01.02 04:22:06 INFO  tracing is disabled for protocol BSP, to enable tracing of incoming and outgoing JSON messages create an empty file at /home/wuzho/Desktop/MOSIG-M2/Data-Management/lab_spark/.metals/bsp.trace.json or /home/wuzho/.cache/metals/bsp.trace.json
2024.01.02 04:22:07 INFO  no build target found for /home/wuzho/Desktop/MOSIG-M2/Data-Management/lab_spark/Clusterdata/build.sbt. Using presentation compiler with project's scala-library version: 3.3.1
2024.01.02 04:22:09 INFO  time: Connected to build server in 6.77s
2024.01.02 04:22:09 INFO  Connected to Build server: Bloop v1.5.13
2024.01.02 04:22:09 INFO  time: Imported build in 0.35s
2024.01.02 04:22:09 WARN  2.12.10 is no longer supported in the current Metals versions, using the last known supported version 0.11.12
2024.01.02 04:22:09 WARN  Could not find semantic tokens for: file:///home/wuzho/Desktop/MOSIG-M2/Data-Management/lab_spark/Clusterdata/build.sbt
2024.01.02 04:22:09 INFO  running '/usr/lib/jvm/java-11-openjdk-amd64/bin/java -Djline.terminal=jline.UnsupportedTerminal -Dsbt.log.noformat=true -Dfile.encoding=UTF-8 -jar /tmp/metals17727185969545194808/sbt-launch.jar -Dbloop.export-jar-classifiers=sources bloopInstall'
2024.01.02 04:22:12 INFO  [info] welcome to sbt 1.5.5 (Ubuntu Java 11.0.21)
2024.01.02 04:22:13 WARN  Could not find java sources in /usr/lib/jvm/src.zip, /usr/lib/jvm/lib/src.zip, /usr/lib/jvm/java-11-openjdk-amd64/src.zip, /usr/lib/jvm/java-11-openjdk-amd64/lib/src.zip, /usr/lib/jvm/src.zip, /usr/lib/jvm/lib/src.zip, /usr/lib/jvm/java-11-openjdk-amd64/src.zip, /usr/lib/jvm/java-11-openjdk-amd64/lib/src.zip. Java symbols will not be available.
2024.01.02 04:22:13 INFO  [info] loading settings for project clusterdata-build-build from metals.sbt ...
2024.01.02 04:22:15 INFO  [info] loading project definition from /home/wuzho/Desktop/MOSIG-M2/Data-Management/lab_spark/Clusterdata/project/project
2024.01.02 04:22:17 INFO  [info] loading settings for project clusterdata-build from metals.sbt ...
2024.01.02 04:22:17 INFO  [info] loading project definition from /home/wuzho/Desktop/MOSIG-M2/Data-Management/lab_spark/Clusterdata/project
2024.01.02 04:22:17 WARN  Could not find java sources in /usr/lib/jvm/src.zip, /usr/lib/jvm/lib/src.zip, /usr/lib/jvm/java-11-openjdk-amd64/src.zip, /usr/lib/jvm/java-11-openjdk-amd64/lib/src.zip, /usr/lib/jvm/src.zip, /usr/lib/jvm/lib/src.zip, /usr/lib/jvm/java-11-openjdk-amd64/src.zip, /usr/lib/jvm/java-11-openjdk-amd64/lib/src.zip. Java symbols will not be available.
2024.01.02 04:22:17 WARN  Could not find java sources in /usr/lib/jvm/src.zip, /usr/lib/jvm/lib/src.zip, /usr/lib/jvm/java-11-openjdk-amd64/src.zip, /usr/lib/jvm/java-11-openjdk-amd64/lib/src.zip, /usr/lib/jvm/src.zip, /usr/lib/jvm/lib/src.zip, /usr/lib/jvm/java-11-openjdk-amd64/src.zip, /usr/lib/jvm/java-11-openjdk-amd64/lib/src.zip. Java symbols will not be available.
2024.01.02 04:22:17 INFO  time: indexed workspace in 8.11s
2024.01.02 04:22:17 WARN  no build target for: /home/wuzho/Desktop/MOSIG-M2/Data-Management/lab_spark/Clusterdata/build.sbt
2024.01.02 04:22:17 WARN  no build target for: /home/wuzho/Desktop/MOSIG-M2/Data-Management/lab_spark/Clusterdata/build.sbt
2024.01.02 04:22:19 INFO  user cancelled sbt bloopInstall
2024.01.02 04:22:19 INFO  time: ran 'sbt bloopInstall' in 9.81s
2024.01.02 04:22:24 INFO  time: code lens generation in 5.8s
2024.01.02 04:22:24 INFO  time: code lens generation in 6.36s
2024.01.02 04:22:24 INFO  time: code lens generation in 3.98s
2024.01.02 04:22:34 WARN  no build target for: /home/wuzho/Desktop/MOSIG-M2/Data-Management/lab_spark/Clusterdata/project/metals.sbt
2024.01.02 04:22:44 INFO  compiling clusterdata (1 scala source)
2024.01.02 04:22:48 INFO  time: compiled clusterdata in 4.75s
Jan 02, 2024 4:25:14 AM org.eclipse.lsp4j.jsonrpc.services.GenericEndpoint notify
INFO: Unsupported notification method: $/setTrace
2024.01.02 04:27:34 INFO  compiling clusterdata (1 scala source)
2024.01.02 04:27:36 INFO  time: compiled clusterdata in 1.67s
2024.01.02 04:27:58 INFO  compiling clusterdata (1 scala source)
2024.01.02 04:28:01 INFO  time: compiled clusterdata in 2.64s
2024.01.02 04:29:45 INFO  compiling clusterdata (1 scala source)
2024.01.02 04:29:46 INFO  time: compiled clusterdata in 1.25s
2024.01.02 04:30:42 INFO  compiling clusterdata (1 scala source)
2024.01.02 04:30:43 INFO  time: compiled clusterdata in 1.09s
2024.01.02 04:40:04 INFO  compiling clusterdata (1 scala source)
2024.01.02 04:40:04 INFO  time: compiled clusterdata in 0.53s
2024.01.02 04:51:09 INFO  compiling clusterdata (1 scala source)
2024.01.02 04:51:10 INFO  time: compiled clusterdata in 1.33s
2024.01.02 04:51:26 WARN  no build target for: /home/wuzho/Desktop/MOSIG-M2/Data-Management/lab_spark/Navigation/src/main/scala/navigation.scala
2024.01.02 04:57:32 INFO  compiling clusterdata (1 scala source)
2024.01.02 04:57:32 INFO  time: compiled clusterdata in 0.3s
Jan 02, 2024 4:58:02 AM org.eclipse.lsp4j.jsonrpc.RemoteEndpoint handleCancellation
WARNING: Unmatched cancel notification for request id 722
2024.01.02 05:03:27 INFO  compiling clusterdata (1 scala source)
2024.01.02 05:03:27 INFO  Shutting down server
2024.01.02 05:03:27 INFO  shutting down Metals
2024.01.02 05:03:27 INFO  Shut down connection with build server.
Jan 02, 2024 5:03:27 AM org.eclipse.lsp4j.jsonrpc.RemoteEndpoint notify
INFO: Failed to send notification message.
org.eclipse.lsp4j.jsonrpc.JsonRpcException: java.nio.channels.AsynchronousCloseException
	at org.eclipse.lsp4j.jsonrpc.json.StreamMessageConsumer.consume(StreamMessageConsumer.java:72)
	at scala.meta.internal.metals.RequestMonitorImpl$$anon$1.consume(ServerLivenessMonitor.scala:39)
	at org.eclipse.lsp4j.jsonrpc.RemoteEndpoint.notify(RemoteEndpoint.java:126)
	at org.eclipse.lsp4j.jsonrpc.RemoteEndpoint.sendCancelNotification(RemoteEndpoint.java:180)
	at org.eclipse.lsp4j.jsonrpc.RemoteEndpoint$1.cancel(RemoteEndpoint.java:150)
	at scala.meta.internal.metals.BuildServerConnection.$anonfun$register$2(BuildServerConnection.scala:425)
	at scala.runtime.java8.JFunction0$mcZ$sp.apply(JFunction0$mcZ$sp.scala:17)
	at scala.util.Try$.apply(Try.scala:210)
	at scala.meta.internal.metals.BuildServerConnection.$anonfun$register$1(BuildServerConnection.scala:425)
	at scala.meta.internal.metals.Cancelable$$anon$1.cancel(Cancelable.scala:18)
	at scala.meta.internal.metals.Cancelable$.$anonfun$cancelAll$1(Cancelable.scala:29)
	at scala.collection.immutable.List.foreach(List.scala:333)
	at scala.meta.internal.metals.Cancelable$.cancelAll(Cancelable.scala:28)
	at scala.meta.internal.metals.MutableCancelable.cancel(MutableCancelable.scala:25)
	at scala.meta.internal.metals.BuildServerConnection.cancel(BuildServerConnection.scala:365)
	at scala.meta.internal.metals.BuildServerConnection.$anonfun$shutdown$1(BuildServerConnection.scala:157)
	at scala.meta.internal.metals.BuildServerConnection.$anonfun$shutdown$1$adapted(BuildServerConnection.scala:149)
	at scala.concurrent.impl.Promise$Transformation.run(Promise.scala:467)
	at java.base/java.util.concurrent.ThreadPoolExecutor.runWorker(ThreadPoolExecutor.java:1128)
	at java.base/java.util.concurrent.ThreadPoolExecutor$Worker.run(ThreadPoolExecutor.java:628)
	at java.base/java.lang.Thread.run(Thread.java:829)
Caused by: java.nio.channels.AsynchronousCloseException
	at java.base/java.nio.channels.spi.AbstractInterruptibleChannel.end(AbstractInterruptibleChannel.java:202)
	at java.base/sun.nio.ch.SinkChannelImpl.endWrite(SinkChannelImpl.java:241)
	at java.base/sun.nio.ch.SinkChannelImpl.write(SinkChannelImpl.java:259)
	at java.base/java.nio.channels.Channels.writeFullyImpl(Channels.java:74)
	at java.base/java.nio.channels.Channels.writeFully(Channels.java:94)
	at java.base/java.nio.channels.Channels$1.write(Channels.java:172)
	at java.base/java.io.OutputStream.write(OutputStream.java:122)
	at java.base/java.nio.channels.Channels$1.write(Channels.java:152)
	at scala.meta.internal.metals.ClosableOutputStream.write(ClosableOutputStream.scala:26)
	at java.base/java.io.FilterOutputStream.write(FilterOutputStream.java:137)
	at java.base/java.io.FilterOutputStream.write(FilterOutputStream.java:108)
	at org.eclipse.lsp4j.jsonrpc.json.StreamMessageConsumer.consume(StreamMessageConsumer.java:67)
	... 20 more

2024.01.02 05:03:27 INFO  Cancelling compilation on Bloop server
2024.01.02 05:03:27 INFO  Exiting server
2024.01.02 05:03:43 INFO  Started: Metals version 1.2.0 in folders '/home/wuzho/Desktop/MOSIG-M2/Data-Management/lab_spark' for client Visual Studio Code 1.85.1.
2024.01.02 05:03:44 INFO  Attempting to connect to the build server...
2024.01.02 05:03:44 INFO  skipping build import with status 'Cancelled'
2024.01.02 05:03:44 INFO  Bloop uses /usr/lib/jvm/java-11-openjdk-amd64 defined at /home/wuzho/.bloop/bloop.json
2024.01.02 05:03:44 INFO  tracing is disabled for protocol BSP, to enable tracing of incoming and outgoing JSON messages create an empty file at /home/wuzho/Desktop/MOSIG-M2/Data-Management/lab_spark/.metals/bsp.trace.json or /home/wuzho/.cache/metals/bsp.trace.json
2024.01.02 05:03:44 INFO  time: Connected to build server in 0.49s
2024.01.02 05:03:44 INFO  Connected to Build server: Bloop v1.5.13
2024.01.02 05:03:44 INFO  time: Imported build in 0.11s
2024.01.02 05:03:49 INFO  no build target found for /home/wuzho/Desktop/MOSIG-M2/Data-Management/lab_spark/Clusterdata/src/main/scala/HelloWorld.scala. Using presentation compiler with project's scala-library version: 3.3.1
2024.01.02 05:03:49 WARN  2.12.10 is no longer supported in the current Metals versions, using the last known supported version 0.11.12
2024.01.02 05:03:53 WARN  Could not find java sources in /usr/lib/jvm/src.zip, /usr/lib/jvm/lib/src.zip, /usr/lib/jvm/java-11-openjdk-amd64/src.zip, /usr/lib/jvm/java-11-openjdk-amd64/lib/src.zip, /usr/lib/jvm/src.zip, /usr/lib/jvm/lib/src.zip, /usr/lib/jvm/java-11-openjdk-amd64/src.zip, /usr/lib/jvm/java-11-openjdk-amd64/lib/src.zip. Java symbols will not be available.
2024.01.02 05:03:53 WARN  Could not find java sources in /usr/lib/jvm/src.zip, /usr/lib/jvm/lib/src.zip, /usr/lib/jvm/java-11-openjdk-amd64/src.zip, /usr/lib/jvm/java-11-openjdk-amd64/lib/src.zip, /usr/lib/jvm/src.zip, /usr/lib/jvm/lib/src.zip, /usr/lib/jvm/java-11-openjdk-amd64/src.zip, /usr/lib/jvm/java-11-openjdk-amd64/lib/src.zip. Java symbols will not be available.
2024.01.02 05:03:53 WARN  Could not find java sources in /usr/lib/jvm/src.zip, /usr/lib/jvm/lib/src.zip, /usr/lib/jvm/java-11-openjdk-amd64/src.zip, /usr/lib/jvm/java-11-openjdk-amd64/lib/src.zip, /usr/lib/jvm/src.zip, /usr/lib/jvm/lib/src.zip, /usr/lib/jvm/java-11-openjdk-amd64/src.zip, /usr/lib/jvm/java-11-openjdk-amd64/lib/src.zip. Java symbols will not be available.
2024.01.02 05:03:53 INFO  time: indexed workspace in 4.93s
2024.01.02 05:03:54 INFO  compiling clusterdata (1 scala source)
2024.01.02 05:03:57 INFO  time: compiled clusterdata in 3.03s
2024.01.02 05:05:41 INFO  compiling clusterdata (1 scala source)
2024.01.02 05:05:41 INFO  time: compiled clusterdata in 0.74s
2024.01.02 05:06:09 INFO  compiling clusterdata (1 scala source)
2024.01.02 05:06:10 INFO  time: compiled clusterdata in 1.69s
2024.01.02 05:06:48 INFO  compiling clusterdata (1 scala source)
2024.01.02 05:06:50 INFO  time: compiled clusterdata in 1.8s
Jan 02, 2024 5:08:18 AM org.eclipse.lsp4j.jsonrpc.RemoteEndpoint handleCancellation
WARNING: Unmatched cancel notification for request id 249
2024.01.02 05:08:43 INFO  compiling clusterdata (1 scala source)
2024.01.02 05:08:43 INFO  time: compiled clusterdata in 0.13s
2024.01.02 05:08:47 INFO  compiling clusterdata (1 scala source)
2024.01.02 05:08:48 INFO  time: compiled clusterdata in 1.18s
2024.01.02 05:09:29 INFO  compiling clusterdata (1 scala source)
2024.01.02 05:09:30 INFO  time: compiled clusterdata in 1.9s
2024.01.02 05:09:37 INFO  compiling clusterdata (1 scala source)
2024.01.02 05:09:37 INFO  time: compiled clusterdata in 0.97s
2024.01.02 05:09:56 INFO  compiling clusterdata (1 scala source)
2024.01.02 05:09:57 INFO  time: compiled clusterdata in 1.07s
2024.01.02 05:10:45 INFO  compiling clusterdata (1 scala source)
2024.01.02 05:10:45 INFO  time: compiled clusterdata in 0.15s
2024.01.02 05:10:47 INFO  compiling clusterdata (1 scala source)
2024.01.02 05:10:47 INFO  time: compiled clusterdata in 0.28s
Jan 02, 2024 5:11:22 AM org.eclipse.lsp4j.jsonrpc.RemoteEndpoint handleCancellation
WARNING: Unmatched cancel notification for request id 542
2024.01.02 05:12:12 INFO  compiling clusterdata (1 scala source)
2024.01.02 05:12:14 INFO  time: compiled clusterdata in 1.45s
2024.01.02 05:12:38 INFO  compiling clusterdata (1 scala source)
2024.01.02 05:12:38 INFO  time: compiled clusterdata in 0.26s
2024.01.02 05:12:39 WARN  Could not load snapshot text for /home/wuzho/Desktop/MOSIG-M2/Data-Management/lab_spark/Clusterdata/src/main/scala/HelloWorld.scala
2024.01.02 05:12:57 WARN  Could not load snapshot text for /home/wuzho/Desktop/MOSIG-M2/Data-Management/lab_spark/Clusterdata/src/main/scala/HelloWorld.scala
2024.01.02 05:12:59 INFO  compiling clusterdata (1 scala source)
2024.01.02 05:12:59 INFO  time: compiled clusterdata in 0.94s
2024.01.02 05:14:05 INFO  compiling clusterdata (1 scala source)
2024.01.02 05:14:07 INFO  time: compiled clusterdata in 1.18s
Jan 02, 2024 5:19:53 AM org.eclipse.lsp4j.jsonrpc.RemoteEndpoint handleCancellation
WARNING: Unmatched cancel notification for request id 713
2024.01.02 05:20:06 INFO  compiling clusterdata (1 scala source)
2024.01.02 05:20:07 INFO  time: compiled clusterdata in 1.28s
2024.01.02 05:21:04 INFO  compiling clusterdata (1 scala source)
2024.01.02 05:21:06 INFO  time: compiled clusterdata in 1.52s
2024.01.02 05:21:50 INFO  compiling clusterdata (1 scala source)
2024.01.02 05:21:50 INFO  time: compiled clusterdata in 0.26s
2024.01.02 05:21:50 WARN  Could not load snapshot text for /home/wuzho/Desktop/MOSIG-M2/Data-Management/lab_spark/Clusterdata/src/main/scala/HelloWorld.scala
2024.01.02 05:21:54 WARN  Could not load snapshot text for /home/wuzho/Desktop/MOSIG-M2/Data-Management/lab_spark/Clusterdata/src/main/scala/HelloWorld.scala
2024.01.02 05:21:56 WARN  Could not load snapshot text for /home/wuzho/Desktop/MOSIG-M2/Data-Management/lab_spark/Clusterdata/src/main/scala/HelloWorld.scala
2024.01.02 05:21:59 INFO  compiling clusterdata (1 scala source)
2024.01.02 05:21:59 INFO  time: compiled clusterdata in 0.18s
2024.01.02 05:22:00 WARN  Could not load snapshot text for /home/wuzho/Desktop/MOSIG-M2/Data-Management/lab_spark/Clusterdata/src/main/scala/HelloWorld.scala
2024.01.02 05:22:11 WARN  Could not load snapshot text for /home/wuzho/Desktop/MOSIG-M2/Data-Management/lab_spark/Clusterdata/src/main/scala/HelloWorld.scala
2024.01.02 05:22:13 WARN  Could not load snapshot text for /home/wuzho/Desktop/MOSIG-M2/Data-Management/lab_spark/Clusterdata/src/main/scala/HelloWorld.scala
2024.01.02 05:22:15 WARN  Could not load snapshot text for /home/wuzho/Desktop/MOSIG-M2/Data-Management/lab_spark/Clusterdata/src/main/scala/HelloWorld.scala
2024.01.02 05:22:15 WARN  Could not load snapshot text for /home/wuzho/Desktop/MOSIG-M2/Data-Management/lab_spark/Clusterdata/src/main/scala/HelloWorld.scala
2024.01.02 05:22:15 WARN  Could not load snapshot text for /home/wuzho/Desktop/MOSIG-M2/Data-Management/lab_spark/Clusterdata/src/main/scala/HelloWorld.scala
2024.01.02 05:22:17 WARN  Could not load snapshot text for /home/wuzho/Desktop/MOSIG-M2/Data-Management/lab_spark/Clusterdata/src/main/scala/HelloWorld.scala
2024.01.02 05:22:22 INFO  compiling clusterdata (1 scala source)
2024.01.02 05:22:22 INFO  time: compiled clusterdata in 0.97s
2024.01.02 05:23:37 INFO  compiling clusterdata (1 scala source)
2024.01.02 05:23:38 INFO  time: compiled clusterdata in 1.29s
2024.01.02 05:30:31 INFO  compiling clusterdata (1 scala source)
2024.01.02 05:30:32 INFO  time: compiled clusterdata in 1.36s
Jan 02, 2024 5:30:50 AM org.eclipse.lsp4j.jsonrpc.RemoteEndpoint handleCancellation
WARNING: Unmatched cancel notification for request id 1135
2024.01.02 05:30:51 INFO  compiling clusterdata (1 scala source)
2024.01.02 05:30:54 INFO  time: compiled clusterdata in 3.68s
Exception in thread "pool-4-thread-1" java.lang.InterruptedException
	at scala.meta.internal.metals.FutureCancelToken.checkCanceled(FutureCancelToken.scala:29)
	at scala.meta.internal.pc.CompilerAccess.$anonfun$onCompilerJobQueue$1(CompilerAccess.scala:195)
	at scala.meta.internal.pc.CompilerJobQueue$Job.run(CompilerJobQueue.scala:152)
	at java.base/java.util.concurrent.ThreadPoolExecutor.runWorker(ThreadPoolExecutor.java:1128)
	at java.base/java.util.concurrent.ThreadPoolExecutor$Worker.run(ThreadPoolExecutor.java:628)
	at java.base/java.lang.Thread.run(Thread.java:829)
Exception in thread "pool-4-thread-2" java.lang.InterruptedException
	at scala.meta.internal.metals.FutureCancelToken.checkCanceled(FutureCancelToken.scala:29)
	at scala.meta.internal.pc.CompilerAccess.$anonfun$onCompilerJobQueue$1(CompilerAccess.scala:195)
	at scala.meta.internal.pc.CompilerJobQueue$Job.run(CompilerJobQueue.scala:152)
	at java.base/java.util.concurrent.ThreadPoolExecutor.runWorker(ThreadPoolExecutor.java:1128)
	at java.base/java.util.concurrent.ThreadPoolExecutor$Worker.run(ThreadPoolExecutor.java:628)
	at java.base/java.lang.Thread.run(Thread.java:829)
2024.01.02 05:31:19 INFO  compiling clusterdata (1 scala source)
2024.01.02 05:31:19 INFO  time: compiled clusterdata in 0.23s
2024.01.02 05:31:24 INFO  compiling clusterdata (1 scala source)
2024.01.02 05:31:24 INFO  time: compiled clusterdata in 0.19s
2024.01.02 05:31:30 INFO  compiling clusterdata (1 scala source)
2024.01.02 05:31:31 INFO  time: compiled clusterdata in 1.29s
2024.01.02 05:32:23 INFO  compiling clusterdata (1 scala source)
2024.01.02 05:32:24 INFO  time: compiled clusterdata in 1.47s
2024.01.02 05:35:37 INFO  compiling clusterdata (1 scala source)
2024.01.02 05:35:38 INFO  time: compiled clusterdata in 1.31s
Jan 02, 2024 5:36:01 AM org.eclipse.lsp4j.jsonrpc.services.GenericEndpoint notify
INFO: Unsupported notification method: $/setTrace
2024.01.02 05:40:13 INFO  compiling clusterdata (1 scala source)
2024.01.02 05:40:13 WARN  Could not load snapshot text for /home/wuzho/Desktop/MOSIG-M2/Data-Management/lab_spark/Clusterdata/src/main/scala/HelloWorld.scala
2024.01.02 05:40:13 WARN  Could not load snapshot text for /home/wuzho/Desktop/MOSIG-M2/Data-Management/lab_spark/Clusterdata/src/main/scala/HelloWorld.scala
2024.01.02 05:40:13 WARN  Could not load snapshot text for /home/wuzho/Desktop/MOSIG-M2/Data-Management/lab_spark/Clusterdata/src/main/scala/HelloWorld.scala
2024.01.02 05:40:13 WARN  Could not load snapshot text for /home/wuzho/Desktop/MOSIG-M2/Data-Management/lab_spark/Clusterdata/src/main/scala/HelloWorld.scala
2024.01.02 05:40:13 INFO  time: compiled clusterdata in 0.3s
2024.01.02 05:40:14 WARN  Could not load snapshot text for /home/wuzho/Desktop/MOSIG-M2/Data-Management/lab_spark/Clusterdata/src/main/scala/HelloWorld.scala
2024.01.02 05:40:27 WARN  Could not load snapshot text for /home/wuzho/Desktop/MOSIG-M2/Data-Management/lab_spark/Clusterdata/src/main/scala/HelloWorld.scala
2024.01.02 05:40:30 WARN  Could not load snapshot text for /home/wuzho/Desktop/MOSIG-M2/Data-Management/lab_spark/Clusterdata/src/main/scala/HelloWorld.scala
2024.01.02 05:40:31 ERROR Failed to tokenize input for semantic tokens for /home/wuzho/Desktop/MOSIG-M2/Data-Management/lab_spark/Clusterdata/src/main/scala/HelloWorld.scala
scala.meta.tokenizers.TokenizeException: <input>:32: error: unclosed string literal
               "NA", "
                     ^
	at scala.meta.internal.tokenizers.Reporter.syntaxError(Reporter.scala:23)
	at scala.meta.internal.tokenizers.Reporter.syntaxError$(Reporter.scala:23)
	at scala.meta.internal.tokenizers.Reporter$$anon$1.syntaxError(Reporter.scala:33)
	at scala.meta.internal.tokenizers.Reporter.syntaxError(Reporter.scala:25)
	at scala.meta.internal.tokenizers.Reporter.syntaxError$(Reporter.scala:25)
	at scala.meta.internal.tokenizers.Reporter$$anon$1.syntaxError(Reporter.scala:33)
	at scala.meta.internal.tokenizers.LegacyScanner.getStringLit(LegacyScanner.scala:553)
	at scala.meta.internal.tokenizers.LegacyScanner.fetchDoubleQuote$1(LegacyScanner.scala:372)
	at scala.meta.internal.tokenizers.LegacyScanner.fetchToken(LegacyScanner.scala:376)
	at scala.meta.internal.tokenizers.LegacyScanner.nextToken(LegacyScanner.scala:211)
	at scala.meta.internal.tokenizers.LegacyScanner.foreach(LegacyScanner.scala:1011)
	at scala.meta.internal.tokenizers.ScalametaTokenizer.uncachedTokenize(ScalametaTokenizer.scala:24)
	at scala.meta.internal.tokenizers.ScalametaTokenizer.$anonfun$tokenize$1(ScalametaTokenizer.scala:17)
	at scala.collection.concurrent.TrieMap.getOrElseUpdate(TrieMap.scala:962)
	at scala.meta.internal.tokenizers.ScalametaTokenizer.tokenize(ScalametaTokenizer.scala:17)
	at scala.meta.internal.tokenizers.ScalametaTokenizer$$anon$2.apply(ScalametaTokenizer.scala:332)
	at scala.meta.tokenizers.Api$XtensionTokenizeDialectInput.tokenize(Api.scala:25)
	at scala.meta.tokenizers.Api$XtensionTokenizeInputLike.tokenize(Api.scala:14)
	at scala.meta.internal.metals.SemanticTokensProvider$.getTokens(SemanticTokensProvider.scala:30)
	at scala.meta.internal.metals.SemanticTokensProvider$.provide(SemanticTokensProvider.scala:89)
	at scala.meta.internal.metals.Compilers.$anonfun$semanticTokens$3(Compilers.scala:541)
	at scala.concurrent.impl.Promise$Transformation.run(Promise.scala:467)
	at java.util.concurrent.ThreadPoolExecutor.runWorker(ThreadPoolExecutor.java:1128)
	at java.util.concurrent.ThreadPoolExecutor$Worker.run(ThreadPoolExecutor.java:628)
	at java.lang.Thread.run(Thread.java:829)

2024.01.02 05:40:32 WARN  Could not load snapshot text for /home/wuzho/Desktop/MOSIG-M2/Data-Management/lab_spark/Clusterdata/src/main/scala/HelloWorld.scala
2024.01.02 05:40:34 INFO  compiling clusterdata (1 scala source)
2024.01.02 05:40:34 INFO  time: compiled clusterdata in 0.14s
2024.01.02 05:40:34 WARN  Could not load snapshot text for /home/wuzho/Desktop/MOSIG-M2/Data-Management/lab_spark/Clusterdata/src/main/scala/HelloWorld.scala
2024.01.02 05:40:46 WARN  Could not load snapshot text for /home/wuzho/Desktop/MOSIG-M2/Data-Management/lab_spark/Clusterdata/src/main/scala/HelloWorld.scala
2024.01.02 05:40:46 WARN  Could not load snapshot text for /home/wuzho/Desktop/MOSIG-M2/Data-Management/lab_spark/Clusterdata/src/main/scala/HelloWorld.scala
2024.01.02 05:40:47 WARN  Could not load snapshot text for /home/wuzho/Desktop/MOSIG-M2/Data-Management/lab_spark/Clusterdata/src/main/scala/HelloWorld.scala
2024.01.02 05:40:47 WARN  Could not load snapshot text for /home/wuzho/Desktop/MOSIG-M2/Data-Management/lab_spark/Clusterdata/src/main/scala/HelloWorld.scala
2024.01.02 05:40:47 WARN  Could not load snapshot text for /home/wuzho/Desktop/MOSIG-M2/Data-Management/lab_spark/Clusterdata/src/main/scala/HelloWorld.scala
2024.01.02 05:40:48 WARN  Could not load snapshot text for /home/wuzho/Desktop/MOSIG-M2/Data-Management/lab_spark/Clusterdata/src/main/scala/HelloWorld.scala
2024.01.02 05:40:50 WARN  Could not load snapshot text for /home/wuzho/Desktop/MOSIG-M2/Data-Management/lab_spark/Clusterdata/src/main/scala/HelloWorld.scala
Jan 02, 2024 5:46:18 AM org.eclipse.lsp4j.jsonrpc.RemoteEndpoint handleCancellation
WARNING: Unmatched cancel notification for request id 1769
Jan 02, 2024 5:46:18 AM org.eclipse.lsp4j.jsonrpc.RemoteEndpoint handleCancellation
WARNING: Unmatched cancel notification for request id 1767
2024.01.02 05:46:18 INFO  compiling clusterdata (1 scala source)
2024.01.02 05:46:18 INFO  time: compiled clusterdata in 0.29s
2024.01.02 05:46:42 INFO  compiling clusterdata (1 scala source)
2024.01.02 05:46:42 INFO  time: compiled clusterdata in 0.39s
2024.01.02 05:47:06 INFO  compiling clusterdata (1 scala source)
2024.01.02 05:47:07 INFO  time: compiled clusterdata in 1.24s
2024.01.02 05:48:11 INFO  compiling clusterdata (1 scala source)
2024.01.02 05:48:11 INFO  Deduplicating compilation of clusterdata from bsp client 'Metals 1.2.0' (since 44m 26.205s)
2024.01.02 05:48:11 INFO  compiling clusterdata (1 scala source)
2024.01.02 05:48:11 INFO  time: compiled clusterdata in 0.12s
2024.01.02 05:48:17 INFO  compiling clusterdata (1 scala source)
2024.01.02 05:48:18 INFO  time: compiled clusterdata in 1.66s
Jan 02, 2024 5:48:52 AM org.eclipse.lsp4j.jsonrpc.RemoteEndpoint handleCancellation
WARNING: Unmatched cancel notification for request id 1958
2024.01.02 05:49:19 INFO  compiling clusterdata (1 scala source)
2024.01.02 05:49:20 INFO  time: compiled clusterdata in 1.14s
2024.01.02 05:50:14 INFO  compiling clusterdata (1 scala source)
2024.01.02 05:50:14 WARN  Could not load snapshot text for /home/wuzho/Desktop/MOSIG-M2/Data-Management/lab_spark/Clusterdata/src/main/scala/HelloWorld.scala
2024.01.02 05:50:15 INFO  time: compiled clusterdata in 1.32s
2024.01.02 05:51:10 INFO  compiling clusterdata (1 scala source)
2024.01.02 05:51:10 INFO  time: compiled clusterdata in 0.12s
2024.01.02 05:51:13 INFO  compiling clusterdata (1 scala source)
2024.01.02 05:51:13 INFO  time: compiled clusterdata in 0.26s
2024.01.02 05:52:28 INFO  compiling clusterdata (1 scala source)
2024.01.02 05:52:28 INFO  time: compiled clusterdata in 0.17s
2024.01.02 05:52:50 INFO  compiling clusterdata (1 scala source)
2024.01.02 05:52:51 INFO  time: compiled clusterdata in 1.66s
2024.01.02 05:52:54 INFO  compiling clusterdata (1 scala source)
2024.01.02 05:52:56 INFO  time: compiled clusterdata in 1.26s
2024.01.02 05:53:19 INFO  compiling clusterdata (1 scala source)
2024.01.02 05:53:21 INFO  time: compiled clusterdata in 1.97s
2024.01.02 05:53:24 INFO  compiling clusterdata (1 scala source)
2024.01.02 05:53:25 INFO  time: compiled clusterdata in 1.31s
Jan 02, 2024 5:53:39 AM scala.meta.internal.pc.CompilerAccess retryWithCleanCompiler
INFO: compiler crashed due to an error in the Scala compiler, retrying with new compiler instance.
2024.01.02 05:53:41 INFO  compiling clusterdata (1 scala source)
2024.01.02 05:53:43 INFO  time: compiled clusterdata in 1.59s
Jan 02, 2024 5:56:08 AM org.eclipse.lsp4j.jsonrpc.RemoteEndpoint handleCancellation
WARNING: Unmatched cancel notification for request id 2794
2024.01.02 05:57:13 INFO  compiling clusterdata (1 scala source)
2024.01.02 05:57:13 INFO  time: compiled clusterdata in 0.24s
2024.01.02 05:57:40 INFO  compiling clusterdata (1 scala source)
2024.01.02 05:57:40 INFO  time: compiled clusterdata in 0.2s
2024.01.02 05:58:01 ERROR Failed to tokenize input for semantic tokens for /home/wuzho/Desktop/MOSIG-M2/Data-Management/lab_spark/Clusterdata/src/main/scala/HelloWorld.scala
scala.meta.tokenizers.TokenizeException: <input>:38: error: `$$', `$'ident, `$'this, `$'BlockExpr`$'_
      println("Distribution of the machines according to their CPU capacity: " + rdd_count.collect().foreach(println(s"Key: $, Values: ${values.mkString(",")}")
                                                                                                                       ^
	at scala.meta.internal.tokenizers.Reporter.syntaxError(Reporter.scala:23)
	at scala.meta.internal.tokenizers.Reporter.syntaxError$(Reporter.scala:23)
	at scala.meta.internal.tokenizers.Reporter$$anon$1.syntaxError(Reporter.scala:33)
	at scala.meta.internal.tokenizers.Reporter.syntaxError(Reporter.scala:25)
	at scala.meta.internal.tokenizers.Reporter.syntaxError$(Reporter.scala:25)
	at scala.meta.internal.tokenizers.Reporter$$anon$1.syntaxError(Reporter.scala:33)
	at scala.meta.internal.tokenizers.LegacyScanner.getStringPart(LegacyScanner.scala:649)
	at scala.meta.internal.tokenizers.LegacyScanner.fetchDoubleQuote$1(LegacyScanner.scala:357)
	at scala.meta.internal.tokenizers.LegacyScanner.fetchToken(LegacyScanner.scala:376)
	at scala.meta.internal.tokenizers.LegacyScanner.nextToken(LegacyScanner.scala:211)
	at scala.meta.internal.tokenizers.LegacyScanner.foreach(LegacyScanner.scala:1011)
	at scala.meta.internal.tokenizers.ScalametaTokenizer.uncachedTokenize(ScalametaTokenizer.scala:24)
	at scala.meta.internal.tokenizers.ScalametaTokenizer.$anonfun$tokenize$1(ScalametaTokenizer.scala:17)
	at scala.collection.concurrent.TrieMap.getOrElseUpdate(TrieMap.scala:962)
	at scala.meta.internal.tokenizers.ScalametaTokenizer.tokenize(ScalametaTokenizer.scala:17)
	at scala.meta.internal.tokenizers.ScalametaTokenizer$$anon$2.apply(ScalametaTokenizer.scala:332)
	at scala.meta.tokenizers.Api$XtensionTokenizeDialectInput.tokenize(Api.scala:25)
	at scala.meta.tokenizers.Api$XtensionTokenizeInputLike.tokenize(Api.scala:14)
	at scala.meta.internal.metals.SemanticTokensProvider$.getTokens(SemanticTokensProvider.scala:30)
	at scala.meta.internal.metals.SemanticTokensProvider$.provide(SemanticTokensProvider.scala:89)
	at scala.meta.internal.metals.Compilers.$anonfun$semanticTokens$3(Compilers.scala:541)
	at scala.concurrent.impl.Promise$Transformation.run(Promise.scala:467)
	at java.util.concurrent.ThreadPoolExecutor.runWorker(ThreadPoolExecutor.java:1128)
	at java.util.concurrent.ThreadPoolExecutor$Worker.run(ThreadPoolExecutor.java:628)
	at java.lang.Thread.run(Thread.java:829)

2024.01.02 05:58:17 INFO  compiling clusterdata (1 scala source)
2024.01.02 05:58:17 INFO  time: compiled clusterdata in 0.14s
2024.01.02 05:58:23 INFO  compiling clusterdata (1 scala source)
2024.01.02 05:58:23 INFO  time: compiled clusterdata in 76ms
2024.01.02 05:58:31 INFO  compiling clusterdata (1 scala source)
2024.01.02 05:58:31 INFO  time: compiled clusterdata in 0.19s
2024.01.02 06:01:02 INFO  compiling clusterdata (1 scala source)
2024.01.02 06:01:04 INFO  time: compiled clusterdata in 1.81s
2024.01.02 06:01:23 INFO  compiling clusterdata (1 scala source)
2024.01.02 06:01:23 INFO  time: compiled clusterdata in 0.17s
2024.01.02 06:01:44 INFO  compiling clusterdata (1 scala source)
2024.01.02 06:01:45 INFO  time: compiled clusterdata in 1.08s
2024.01.02 06:01:57 INFO  compiling clusterdata (1 scala source)
2024.01.02 06:01:58 INFO  time: compiled clusterdata in 1.02s
2024.01.02 06:02:48 INFO  compiling clusterdata (1 scala source)
2024.01.02 06:02:49 INFO  time: compiled clusterdata in 1.31s
2024.01.02 06:03:09 INFO  compiling clusterdata (1 scala source)
2024.01.02 06:03:13 INFO  time: compiled clusterdata in 3.98s
2024.01.02 06:03:38 INFO  compiling clusterdata (1 scala source)
2024.01.02 06:03:39 INFO  time: compiled clusterdata in 1.29s
Jan 02, 2024 6:03:56 AM org.eclipse.lsp4j.jsonrpc.RemoteEndpoint handleCancellation
WARNING: Unmatched cancel notification for request id 3483
Jan 02, 2024 6:04:48 AM org.eclipse.lsp4j.jsonrpc.RemoteEndpoint handleCancellation
WARNING: Unmatched cancel notification for request id 3638
2024.01.02 06:07:13 INFO  compiling clusterdata (1 scala source)
2024.01.02 06:07:15 INFO  time: compiled clusterdata in 1.65s
2024.01.02 06:07:19 INFO  compiling clusterdata (1 scala source)
2024.01.02 06:07:21 INFO  time: compiled clusterdata in 1.33s
2024.01.02 06:27:47 INFO  Shutting down server
2024.01.02 06:27:47 INFO  shutting down Metals
2024.01.02 06:27:47 INFO  Shut down connection with build server.
2024.01.02 06:27:47 INFO  Exiting server
2024.01.02 13:55:36 INFO  Started: Metals version 1.2.0 in folders '/home/wuzho/Desktop/MOSIG-M2/Data-Management/lab_spark' for client Visual Studio Code 1.85.1.
2024.01.02 13:55:37 INFO  Attempting to connect to the build server...
2024.01.02 13:55:37 INFO  Bloop uses /usr/lib/jvm/java-11-openjdk-amd64 defined at /home/wuzho/.bloop/bloop.json
2024.01.02 13:55:42 INFO  tracing is disabled for protocol BSP, to enable tracing of incoming and outgoing JSON messages create an empty file at /home/wuzho/Desktop/MOSIG-M2/Data-Management/lab_spark/.metals/bsp.trace.json or /home/wuzho/.cache/metals/bsp.trace.json
2024.01.02 13:55:43 INFO  no build target found for /home/wuzho/Desktop/MOSIG-M2/Data-Management/lab_spark/Clusterdata/src/main/scala/DistributionOfCPU.scala. Using presentation compiler with project's scala-library version: 3.3.1
2024.01.02 13:55:45 INFO  time: Connected to build server in 7.14s
2024.01.02 13:55:45 INFO  Connected to Build server: Bloop v1.5.13
2024.01.02 13:55:45 INFO  time: Imported build in 0.28s
2024.01.02 13:55:45 WARN  2.12.10 is no longer supported in the current Metals versions, using the last known supported version 0.11.12
2024.01.02 13:55:48 WARN  Could not find java sources in /usr/lib/jvm/src.zip, /usr/lib/jvm/lib/src.zip, /usr/lib/jvm/java-11-openjdk-amd64/src.zip, /usr/lib/jvm/java-11-openjdk-amd64/lib/src.zip, /usr/lib/jvm/src.zip, /usr/lib/jvm/lib/src.zip, /usr/lib/jvm/java-11-openjdk-amd64/src.zip, /usr/lib/jvm/java-11-openjdk-amd64/lib/src.zip. Java symbols will not be available.
2024.01.02 13:55:48 WARN  Could not find java sources in /usr/lib/jvm/src.zip, /usr/lib/jvm/lib/src.zip, /usr/lib/jvm/java-11-openjdk-amd64/src.zip, /usr/lib/jvm/java-11-openjdk-amd64/lib/src.zip, /usr/lib/jvm/src.zip, /usr/lib/jvm/lib/src.zip, /usr/lib/jvm/java-11-openjdk-amd64/src.zip, /usr/lib/jvm/java-11-openjdk-amd64/lib/src.zip. Java symbols will not be available.
2024.01.02 13:55:48 WARN  Could not find java sources in /usr/lib/jvm/src.zip, /usr/lib/jvm/lib/src.zip, /usr/lib/jvm/java-11-openjdk-amd64/src.zip, /usr/lib/jvm/java-11-openjdk-amd64/lib/src.zip, /usr/lib/jvm/src.zip, /usr/lib/jvm/lib/src.zip, /usr/lib/jvm/java-11-openjdk-amd64/src.zip, /usr/lib/jvm/java-11-openjdk-amd64/lib/src.zip. Java symbols will not be available.
2024.01.02 13:55:48 INFO  time: indexed workspace in 3.21s
